<?xml version="1.0" encoding="UTF-8"?>
<!-- Generated by org.testng.reporters.JUnitReportReporter -->
<testsuite hostname="Thirosh" failures="0" tests="9" name="register.RegisterAllTestCases" time="59.097" errors="0" timestamp="2024-01-24T12:12:02 IST" skipped="0">
  <testcase classname="register.RegisterAllTestCases" name="registerAccountWithAllMandatoryFields" time="6.679"/>
  <testcase classname="register.RegisterAllTestCases" name="registerAccountWithAllFields" time="6.984"/>
  <testcase classname="register.RegisterAllTestCases" name="registerWithoutProvidingAnyFields" time="4.070"/>
  <testcase classname="register.RegisterAllTestCases" name="registerAccountBySelectingYesNewsLetterOption" time="7.433"/>
  <testcase classname="register.RegisterAllTestCases" name="registerAccountBySelectNoNewsLetterOption" time="7.246"/>
  <testcase classname="register.RegisterAllTestCases" name="differentRegisterAccountPageNavigate" time="10.426"/>
  <testcase classname="register.RegisterAllTestCases" name="registerAccountByProvidingDifferentPasswordMisMatches" time="7.432"/>
  <testcase classname="register.RegisterAllTestCases" name="registerDuplicateAccountWithSameEmail" time="8.826"/>
  <testcase classname="register.RegisterAllTestCases" name="ddd" time="0.001"/>
</testsuite> <!-- register.RegisterAllTestCases -->
